# JRE version: OpenJDK Runtime Environment (17.0.11) (build 17.0.11+0--11852314)
# Java VM: OpenJDK 64-Bit Server VM (17.0.11+0--11852314, mixed mode, tiered, compressed oops, compressed class ptrs, g1 gc, windows-amd64)
GC Precious Log:
 CPUs: 4 total, 4 available
 Memory: 7794M
 Large Page Support: Disabled
 NUMA Support: Disabled
 Compressed Oops: Enabled (32-bit)
 Heap Region Size: 1M
 Heap Min Capacity: 8M
 Heap Initial Capacity: 122M
 Heap Max Capacity: 2G
 Pre-touch: Disabled
 Parallel Workers: 4
 Concurrent Workers: 1
 Concurrent Refinement Workers: 4
 Periodic GC: Disabled
Heap:
 garbage-first heap   total 200704K, used 125275K [0x0000000080000000, 0x0000000100000000)
  region size 1024K, 45 young (46080K), 3 survivors (3072K)
 Metaspace       used 60623K, committed 61120K, reserved 1114112K
  class space    used 8245K, committed 8512K, reserved 1048576K
GC Heap History (20 events):
Event: 36.063 GC heap before
{Heap before GC invocations=37 (full 0):
 garbage-first heap   total 133120K, used 105966K [0x0000000080000000, 0x0000000100000000)
  region size 1024K, 44 young (45056K), 6 survivors (6144K)
 Metaspace       used 59372K, committed 59904K, reserved 1114112K
  class space    used 8136K, committed 8384K, reserved 1048576K
}
Event: 36.081 GC heap after
{Heap after GC invocations=38 (full 0):
 garbage-first heap   total 133120K, used 76884K [0x0000000080000000, 0x0000000100000000)
  region size 1024K, 6 young (6144K), 6 survivors (6144K)
 Metaspace       used 59372K, committed 59904K, reserved 1114112K
  class space    used 8136K, committed 8384K, reserved 1048576K
}
Event: 36.384 GC heap before
{Heap before GC invocations=38 (full 0):
 garbage-first heap   total 133120K, used 86100K [0x0000000080000000, 0x0000000100000000)
  region size 1024K, 16 young (16384K), 6 survivors (6144K)
 Metaspace       used 59602K, committed 60096K, reserved 1114112K
  class space    used 8161K, committed 8448K, reserved 1048576K
}
Event: 36.394 GC heap after
{Heap after GC invocations=39 (full 0):
 garbage-first heap   total 133120K, used 79511K [0x0000000080000000, 0x0000000100000000)
  region size 1024K, 2 young (2048K), 2 survivors (2048K)
 Metaspace       used 59602K, committed 60096K, reserved 1114112K
  class space    used 8161K, committed 8448K, reserved 1048576K
}
Event: 37.186 GC heap before
{Heap before GC invocations=40 (full 0):
 garbage-first heap   total 147456K, used 112279K [0x0000000080000000, 0x0000000100000000)
  region size 1024K, 29 young (29696K), 2 survivors (2048K)
 Metaspace       used 60183K, committed 60672K, reserved 1114112K
  class space    used 8217K, committed 8448K, reserved 1048576K
}
Event: 37.190 GC heap after
{Heap after GC invocations=41 (full 0):
 garbage-first heap   total 147456K, used 83006K [0x0000000080000000, 0x0000000100000000)
  region size 1024K, 3 young (3072K), 3 survivors (3072K)
 Metaspace       used 60183K, committed 60672K, reserved 1114112K
  class space    used 8217K, committed 8448K, reserved 1048576K
}
Event: 37.325 GC heap before
{Heap before GC invocations=41 (full 0):
 garbage-first heap   total 147456K, used 87102K [0x0000000080000000, 0x0000000100000000)
  region size 1024K, 7 young (7168K), 3 survivors (3072K)
 Metaspace       used 60191K, committed 60672K, reserved 1114112K
  class space    used 8217K, committed 8448K, reserved 1048576K
}
Event: 37.329 GC heap after
{Heap after GC invocations=42 (full 0):
 garbage-first heap   total 147456K, used 82538K [0x0000000080000000, 0x0000000100000000)
  region size 1024K, 1 young (1024K), 1 survivors (1024K)
 Metaspace       used 60191K, committed 60672K, reserved 1114112K
  class space    used 8217K, committed 8448K, reserved 1048576K
}
Event: 38.186 GC heap before
{Heap before GC invocations=42 (full 0):
 garbage-first heap   total 147456K, used 116330K [0x0000000080000000, 0x0000000100000000)
  region size 1024K, 34 young (34816K), 1 survivors (1024K)
 Metaspace       used 60350K, committed 60864K, reserved 1114112K
  class space    used 8221K, committed 8448K, reserved 1048576K
}
Event: 38.188 GC heap after
{Heap after GC invocations=43 (full 0):
 garbage-first heap   total 200704K, used 82397K [0x0000000080000000, 0x0000000100000000)
  region size 1024K, 1 young (1024K), 1 survivors (1024K)
 Metaspace       used 60350K, committed 60864K, reserved 1114112K
  class space    used 8221K, committed 8448K, reserved 1048576K
}
Event: 40.228 GC heap before
{Heap before GC invocations=44 (full 0):
 garbage-first heap   total 200704K, used 151005K [0x0000000080000000, 0x0000000100000000)
  region size 1024K, 68 young (69632K), 1 survivors (1024K)
 Metaspace       used 60518K, committed 61056K, reserved 1114112K
  class space    used 8244K, committed 8512K, reserved 1048576K
}
Event: 40.230 GC heap after
{Heap after GC invocations=45 (full 0):
 garbage-first heap   total 200704K, used 82932K [0x0000000080000000, 0x0000000100000000)
  region size 1024K, 1 young (1024K), 1 survivors (1024K)
 Metaspace       used 60518K, committed 61056K, reserved 1114112K
  class space    used 8244K, committed 8512K, reserved 1048576K
}
Event: 40.465 GC heap before
{Heap before GC invocations=45 (full 0):
 garbage-first heap   total 200704K, used 91124K [0x0000000080000000, 0x0000000100000000)
  region size 1024K, 9 young (9216K), 1 survivors (1024K)
 Metaspace       used 60520K, committed 61056K, reserved 1114112K
  class space    used 8244K, committed 8512K, reserved 1048576K
}
Event: 40.466 GC heap after
{Heap after GC invocations=46 (full 0):
 garbage-first heap   total 200704K, used 81349K [0x0000000080000000, 0x0000000100000000)
  region size 1024K, 1 young (1024K), 1 survivors (1024K)
 Metaspace       used 60520K, committed 61056K, reserved 1114112K
  class space    used 8244K, committed 8512K, reserved 1048576K
}
Event: 41.551 GC heap before
{Heap before GC invocations=46 (full 0):
 garbage-first heap   total 200704K, used 156101K [0x0000000080000000, 0x0000000100000000)
  region size 1024K, 74 young (75776K), 1 survivors (1024K)
 Metaspace       used 60566K, committed 61120K, reserved 1114112K
  class space    used 8244K, committed 8512K, reserved 1048576K
}
Event: 41.555 GC heap after
{Heap after GC invocations=47 (full 0):
 garbage-first heap   total 200704K, used 81785K [0x0000000080000000, 0x0000000100000000)
  region size 1024K, 2 young (2048K), 2 survivors (2048K)
 Metaspace       used 60566K, committed 61120K, reserved 1114112K
  class space    used 8244K, committed 8512K, reserved 1048576K
}
Event: 42.972 GC heap before
{Heap before GC invocations=47 (full 0):
 garbage-first heap   total 200704K, used 160633K [0x0000000080000000, 0x0000000100000000)
  region size 1024K, 79 young (80896K), 2 survivors (2048K)
 Metaspace       used 60598K, committed 61120K, reserved 1114112K
  class space    used 8244K, committed 8512K, reserved 1048576K
}
Event: 42.975 GC heap after
{Heap after GC invocations=48 (full 0):
 garbage-first heap   total 200704K, used 82412K [0x0000000080000000, 0x0000000100000000)
  region size 1024K, 2 young (2048K), 2 survivors (2048K)
 Metaspace       used 60598K, committed 61120K, reserved 1114112K
  class space    used 8244K, committed 8512K, reserved 1048576K
}
Event: 43.983 GC heap before
{Heap before GC invocations=48 (full 0):
 garbage-first heap   total 200704K, used 165356K [0x0000000080000000, 0x0000000100000000)
  region size 1024K, 83 young (84992K), 2 survivors (2048K)
 Metaspace       used 60619K, committed 61120K, reserved 1114112K
  class space    used 8245K, committed 8512K, reserved 1048576K
}
Event: 43.986 GC heap after
{Heap after GC invocations=49 (full 0):
 garbage-first heap   total 200704K, used 83291K [0x0000000080000000, 0x0000000100000000)
  region size 1024K, 3 young (3072K), 3 survivors (3072K)
 Metaspace       used 60619K, committed 61120K, reserved 1114112K
  class space    used 8245K, committed 8512K, reserved 1048576K
}

