# JRE version: OpenJDK Runtime Environment (17.0.11) (build 17.0.11+0--11852314)
# Java VM: OpenJDK 64-Bit Server VM (17.0.11+0--11852314, mixed mode, tiered, compressed oops, compressed class ptrs, g1 gc, windows-amd64)
GC Precious Log:
 CPUs: 4 total, 4 available
 Memory: 7794M
 Large Page Support: Disabled
 NUMA Support: Disabled
 Compressed Oops: Enabled (32-bit)
 Heap Region Size: 1M
 Heap Min Capacity: 8M
 Heap Initial Capacity: 122M
 Heap Max Capacity: 2G
 Pre-touch: Disabled
 Parallel Workers: 4
 Concurrent Workers: 1
 Concurrent Refinement Workers: 4
 Periodic GC: Disabled
Heap:
 garbage-first heap   total 199680K, used 105989K [0x0000000080000000, 0x0000000100000000)
  region size 1024K, 33 young (33792K), 4 survivors (4096K)
 Metaspace       used 60362K, committed 60800K, reserved 1114112K
  class space    used 8197K, committed 8384K, reserved 1048576K
GC Heap History (20 events):
Event: 28.076 GC heap before
{Heap before GC invocations=17 (full 0):
 garbage-first heap   total 165888K, used 130930K [0x0000000080000000, 0x0000000100000000)
  region size 1024K, 81 young (82944K), 2 survivors (2048K)
 Metaspace       used 55032K, committed 55488K, reserved 1114112K
  class space    used 7403K, committed 7616K, reserved 1048576K
}
Event: 28.087 GC heap after
{Heap after GC invocations=18 (full 0):
 garbage-first heap   total 165888K, used 51841K [0x0000000080000000, 0x0000000100000000)
  region size 1024K, 8 young (8192K), 8 survivors (8192K)
 Metaspace       used 55032K, committed 55488K, reserved 1114112K
  class space    used 7403K, committed 7616K, reserved 1048576K
}
Event: 29.563 GC heap before
{Heap before GC invocations=18 (full 0):
 garbage-first heap   total 165888K, used 132737K [0x0000000080000000, 0x0000000100000000)
  region size 1024K, 83 young (84992K), 8 survivors (8192K)
 Metaspace       used 58839K, committed 59328K, reserved 1114112K
  class space    used 8048K, committed 8256K, reserved 1048576K
}
Event: 29.576 GC heap after
{Heap after GC invocations=19 (full 0):
 garbage-first heap   total 165888K, used 59178K [0x0000000080000000, 0x0000000100000000)
  region size 1024K, 5 young (5120K), 5 survivors (5120K)
 Metaspace       used 58839K, committed 59328K, reserved 1114112K
  class space    used 8048K, committed 8256K, reserved 1048576K
}
Event: 30.012 GC heap before
{Heap before GC invocations=19 (full 0):
 garbage-first heap   total 165888K, used 131882K [0x0000000080000000, 0x0000000100000000)
  region size 1024K, 76 young (77824K), 5 survivors (5120K)
 Metaspace       used 58839K, committed 59328K, reserved 1114112K
  class space    used 8048K, committed 8256K, reserved 1048576K
}
Event: 30.021 GC heap after
{Heap after GC invocations=20 (full 0):
 garbage-first heap   total 165888K, used 61970K [0x0000000080000000, 0x0000000100000000)
  region size 1024K, 7 young (7168K), 7 survivors (7168K)
 Metaspace       used 58839K, committed 59328K, reserved 1114112K
  class space    used 8048K, committed 8256K, reserved 1048576K
}
Event: 30.763 GC heap before
{Heap before GC invocations=20 (full 0):
 garbage-first heap   total 165888K, used 132626K [0x0000000080000000, 0x0000000100000000)
  region size 1024K, 77 young (78848K), 7 survivors (7168K)
 Metaspace       used 59138K, committed 59584K, reserved 1114112K
  class space    used 8090K, committed 8320K, reserved 1048576K
}
Event: 30.774 GC heap after
{Heap after GC invocations=21 (full 0):
 garbage-first heap   total 165888K, used 62984K [0x0000000080000000, 0x0000000100000000)
  region size 1024K, 8 young (8192K), 8 survivors (8192K)
 Metaspace       used 59138K, committed 59584K, reserved 1114112K
  class space    used 8090K, committed 8320K, reserved 1048576K
}
Event: 31.267 GC heap before
{Heap before GC invocations=21 (full 0):
 garbage-first heap   total 165888K, used 131592K [0x0000000080000000, 0x0000000100000000)
  region size 1024K, 76 young (77824K), 8 survivors (8192K)
 Metaspace       used 59814K, committed 60352K, reserved 1114112K
  class space    used 8159K, committed 8384K, reserved 1048576K
}
Event: 31.286 GC heap after
{Heap after GC invocations=22 (full 0):
 garbage-first heap   total 165888K, used 70908K [0x0000000080000000, 0x0000000100000000)
  region size 1024K, 10 young (10240K), 10 survivors (10240K)
 Metaspace       used 59814K, committed 60352K, reserved 1114112K
  class space    used 8159K, committed 8384K, reserved 1048576K
}
Event: 32.225 GC heap before
{Heap before GC invocations=22 (full 0):
 garbage-first heap   total 165888K, used 135420K [0x0000000080000000, 0x0000000100000000)
  region size 1024K, 69 young (70656K), 10 survivors (10240K)
 Metaspace       used 60162K, committed 60608K, reserved 1114112K
  class space    used 8179K, committed 8384K, reserved 1048576K
}
Event: 32.242 GC heap after
{Heap after GC invocations=23 (full 0):
 garbage-first heap   total 165888K, used 75455K [0x0000000080000000, 0x0000000100000000)
  region size 1024K, 2 young (2048K), 2 survivors (2048K)
 Metaspace       used 60162K, committed 60608K, reserved 1114112K
  class space    used 8179K, committed 8384K, reserved 1048576K
}
Event: 33.080 GC heap before
{Heap before GC invocations=23 (full 0):
 garbage-first heap   total 165888K, used 133823K [0x0000000080000000, 0x0000000100000000)
  region size 1024K, 59 young (60416K), 2 survivors (2048K)
 Metaspace       used 60322K, committed 60800K, reserved 1114112K
  class space    used 8202K, committed 8384K, reserved 1048576K
}
Event: 33.083 GC heap after
{Heap after GC invocations=24 (full 0):
 garbage-first heap   total 199680K, used 75584K [0x0000000080000000, 0x0000000100000000)
  region size 1024K, 2 young (2048K), 2 survivors (2048K)
 Metaspace       used 60322K, committed 60800K, reserved 1114112K
  class space    used 8202K, committed 8384K, reserved 1048576K
}
Event: 34.058 GC heap before
{Heap before GC invocations=25 (full 0):
 garbage-first heap   total 199680K, used 162624K [0x0000000080000000, 0x0000000100000000)
  region size 1024K, 87 young (89088K), 2 survivors (2048K)
 Metaspace       used 60304K, committed 60800K, reserved 1114112K
  class space    used 8196K, committed 8384K, reserved 1048576K
}
Event: 34.061 GC heap after
{Heap after GC invocations=26 (full 0):
 garbage-first heap   total 199680K, used 75718K [0x0000000080000000, 0x0000000100000000)
  region size 1024K, 2 young (2048K), 2 survivors (2048K)
 Metaspace       used 60304K, committed 60800K, reserved 1114112K
  class space    used 8196K, committed 8384K, reserved 1048576K
}
Event: 34.760 GC heap before
{Heap before GC invocations=26 (full 0):
 garbage-first heap   total 199680K, used 165830K [0x0000000080000000, 0x0000000100000000)
  region size 1024K, 90 young (92160K), 2 survivors (2048K)
 Metaspace       used 60331K, committed 60800K, reserved 1114112K
  class space    used 8197K, committed 8384K, reserved 1048576K
}
Event: 34.763 GC heap after
{Heap after GC invocations=27 (full 0):
 garbage-first heap   total 199680K, used 76355K [0x0000000080000000, 0x0000000100000000)
  region size 1024K, 3 young (3072K), 3 survivors (3072K)
 Metaspace       used 60331K, committed 60800K, reserved 1114112K
  class space    used 8197K, committed 8384K, reserved 1048576K
}
Event: 35.511 GC heap before
{Heap before GC invocations=27 (full 0):
 garbage-first heap   total 199680K, used 167491K [0x0000000080000000, 0x0000000100000000)
  region size 1024K, 92 young (94208K), 3 survivors (3072K)
 Metaspace       used 60354K, committed 60800K, reserved 1114112K
  class space    used 8197K, committed 8384K, reserved 1048576K
}
Event: 35.514 GC heap after
{Heap after GC invocations=28 (full 0):
 garbage-first heap   total 199680K, used 77317K [0x0000000080000000, 0x0000000100000000)
  region size 1024K, 4 young (4096K), 4 survivors (4096K)
 Metaspace       used 60354K, committed 60800K, reserved 1114112K
  class space    used 8197K, committed 8384K, reserved 1048576K
}

