# JRE version: OpenJDK Runtime Environment (17.0.11) (build 17.0.11+0--11852314)
# Java VM: OpenJDK 64-Bit Server VM (17.0.11+0--11852314, mixed mode, tiered, compressed oops, compressed class ptrs, g1 gc, windows-amd64)
GC Precious Log:
 CPUs: 4 total, 4 available
 Memory: 7794M
 Large Page Support: Disabled
 NUMA Support: Disabled
 Compressed Oops: Enabled (32-bit)
 Heap Region Size: 1M
 Heap Min Capacity: 8M
 Heap Initial Capacity: 122M
 Heap Max Capacity: 2G
 Pre-touch: Disabled
 Parallel Workers: 4
 Concurrent Workers: 1
 Concurrent Refinement Workers: 4
 Periodic GC: Disabled
Heap:
 garbage-first heap   total 283648K, used 214642K [0x0000000080000000, 0x0000000100000000)
  region size 1024K, 139 young (142336K), 13 survivors (13312K)
 Metaspace       used 63045K, committed 63616K, reserved 1114112K
  class space    used 8347K, committed 8576K, reserved 1048576K
GC Heap History (20 events):
Event: 106.693 GC heap before
{Heap before GC invocations=62 (full 0):
 garbage-first heap   total 283648K, used 240445K [0x0000000080000000, 0x0000000100000000)
  region size 1024K, 166 young (169984K), 7 survivors (7168K)
 Metaspace       used 63041K, committed 63616K, reserved 1114112K
  class space    used 8347K, committed 8576K, reserved 1048576K
}
Event: 106.703 GC heap after
{Heap after GC invocations=63 (full 0):
 garbage-first heap   total 283648K, used 78487K [0x0000000080000000, 0x0000000100000000)
  region size 1024K, 8 young (8192K), 8 survivors (8192K)
 Metaspace       used 63041K, committed 63616K, reserved 1114112K
  class space    used 8347K, committed 8576K, reserved 1048576K
}
Event: 107.402 GC heap before
{Heap before GC invocations=63 (full 0):
 garbage-first heap   total 283648K, used 240279K [0x0000000080000000, 0x0000000100000000)
  region size 1024K, 166 young (169984K), 8 survivors (8192K)
 Metaspace       used 63041K, committed 63616K, reserved 1114112K
  class space    used 8347K, committed 8576K, reserved 1048576K
}
Event: 107.409 GC heap after
{Heap after GC invocations=64 (full 0):
 garbage-first heap   total 283648K, used 79210K [0x0000000080000000, 0x0000000100000000)
  region size 1024K, 9 young (9216K), 9 survivors (9216K)
 Metaspace       used 63041K, committed 63616K, reserved 1114112K
  class space    used 8347K, committed 8576K, reserved 1048576K
}
Event: 108.367 GC heap before
{Heap before GC invocations=64 (full 0):
 garbage-first heap   total 283648K, used 239978K [0x0000000080000000, 0x0000000100000000)
  region size 1024K, 166 young (169984K), 9 survivors (9216K)
 Metaspace       used 63041K, committed 63616K, reserved 1114112K
  class space    used 8347K, committed 8576K, reserved 1048576K
}
Event: 108.374 GC heap after
{Heap after GC invocations=65 (full 0):
 garbage-first heap   total 283648K, used 79715K [0x0000000080000000, 0x0000000100000000)
  region size 1024K, 9 young (9216K), 9 survivors (9216K)
 Metaspace       used 63041K, committed 63616K, reserved 1114112K
  class space    used 8347K, committed 8576K, reserved 1048576K
}
Event: 109.104 GC heap before
{Heap before GC invocations=65 (full 0):
 garbage-first heap   total 283648K, used 240483K [0x0000000080000000, 0x0000000100000000)
  region size 1024K, 166 young (169984K), 9 survivors (9216K)
 Metaspace       used 63041K, committed 63616K, reserved 1114112K
  class space    used 8347K, committed 8576K, reserved 1048576K
}
Event: 109.112 GC heap after
{Heap after GC invocations=66 (full 0):
 garbage-first heap   total 283648K, used 80583K [0x0000000080000000, 0x0000000100000000)
  region size 1024K, 9 young (9216K), 9 survivors (9216K)
 Metaspace       used 63041K, committed 63616K, reserved 1114112K
  class space    used 8347K, committed 8576K, reserved 1048576K
}
Event: 110.250 GC heap before
{Heap before GC invocations=66 (full 0):
 garbage-first heap   total 283648K, used 241351K [0x0000000080000000, 0x0000000100000000)
  region size 1024K, 166 young (169984K), 9 survivors (9216K)
 Metaspace       used 63041K, committed 63616K, reserved 1114112K
  class space    used 8347K, committed 8576K, reserved 1048576K
}
Event: 110.260 GC heap after
{Heap after GC invocations=67 (full 0):
 garbage-first heap   total 283648K, used 81187K [0x0000000080000000, 0x0000000100000000)
  region size 1024K, 9 young (9216K), 9 survivors (9216K)
 Metaspace       used 63041K, committed 63616K, reserved 1114112K
  class space    used 8347K, committed 8576K, reserved 1048576K
}
Event: 111.216 GC heap before
{Heap before GC invocations=67 (full 0):
 garbage-first heap   total 283648K, used 241955K [0x0000000080000000, 0x0000000100000000)
  region size 1024K, 166 young (169984K), 9 survivors (9216K)
 Metaspace       used 63044K, committed 63616K, reserved 1114112K
  class space    used 8347K, committed 8576K, reserved 1048576K
}
Event: 111.224 GC heap after
{Heap after GC invocations=68 (full 0):
 garbage-first heap   total 283648K, used 82014K [0x0000000080000000, 0x0000000100000000)
  region size 1024K, 10 young (10240K), 10 survivors (10240K)
 Metaspace       used 63044K, committed 63616K, reserved 1114112K
  class space    used 8347K, committed 8576K, reserved 1048576K
}
Event: 112.354 GC heap before
{Heap before GC invocations=68 (full 0):
 garbage-first heap   total 283648K, used 241758K [0x0000000080000000, 0x0000000100000000)
  region size 1024K, 166 young (169984K), 10 survivors (10240K)
 Metaspace       used 63045K, committed 63616K, reserved 1114112K
  class space    used 8347K, committed 8576K, reserved 1048576K
}
Event: 112.363 GC heap after
{Heap after GC invocations=69 (full 0):
 garbage-first heap   total 283648K, used 83148K [0x0000000080000000, 0x0000000100000000)
  region size 1024K, 10 young (10240K), 10 survivors (10240K)
 Metaspace       used 63045K, committed 63616K, reserved 1114112K
  class space    used 8347K, committed 8576K, reserved 1048576K
}
Event: 114.064 GC heap before
{Heap before GC invocations=69 (full 0):
 garbage-first heap   total 283648K, used 242892K [0x0000000080000000, 0x0000000100000000)
  region size 1024K, 166 young (169984K), 10 survivors (10240K)
 Metaspace       used 63045K, committed 63616K, reserved 1114112K
  class space    used 8347K, committed 8576K, reserved 1048576K
}
Event: 114.073 GC heap after
{Heap after GC invocations=70 (full 0):
 garbage-first heap   total 283648K, used 84291K [0x0000000080000000, 0x0000000100000000)
  region size 1024K, 11 young (11264K), 11 survivors (11264K)
 Metaspace       used 63045K, committed 63616K, reserved 1114112K
  class space    used 8347K, committed 8576K, reserved 1048576K
}
Event: 115.278 GC heap before
{Heap before GC invocations=70 (full 0):
 garbage-first heap   total 283648K, used 243011K [0x0000000080000000, 0x0000000100000000)
  region size 1024K, 166 young (169984K), 11 survivors (11264K)
 Metaspace       used 63045K, committed 63616K, reserved 1114112K
  class space    used 8347K, committed 8576K, reserved 1048576K
}
Event: 115.290 GC heap after
{Heap after GC invocations=71 (full 0):
 garbage-first heap   total 283648K, used 85621K [0x0000000080000000, 0x0000000100000000)
  region size 1024K, 12 young (12288K), 12 survivors (12288K)
 Metaspace       used 63045K, committed 63616K, reserved 1114112K
  class space    used 8347K, committed 8576K, reserved 1048576K
}
Event: 116.173 GC heap before
{Heap before GC invocations=71 (full 0):
 garbage-first heap   total 283648K, used 241269K [0x0000000080000000, 0x0000000100000000)
  region size 1024K, 164 young (167936K), 12 survivors (12288K)
 Metaspace       used 63045K, committed 63616K, reserved 1114112K
  class space    used 8347K, committed 8576K, reserved 1048576K
}
Event: 116.188 GC heap after
{Heap after GC invocations=72 (full 0):
 garbage-first heap   total 283648K, used 86642K [0x0000000080000000, 0x0000000100000000)
  region size 1024K, 13 young (13312K), 13 survivors (13312K)
 Metaspace       used 63045K, committed 63616K, reserved 1114112K
  class space    used 8347K, committed 8576K, reserved 1048576K
}

