# JRE version: OpenJDK Runtime Environment (17.0.11) (build 17.0.11+0--11852314)
# Java VM: OpenJDK 64-Bit Server VM (17.0.11+0--11852314, mixed mode, tiered, compressed oops, compressed class ptrs, g1 gc, windows-amd64)
GC Precious Log:
 CPUs: 4 total, 4 available
 Memory: 7794M
 Large Page Support: Disabled
 NUMA Support: Disabled
 Compressed Oops: Enabled (32-bit)
 Heap Region Size: 1M
 Heap Min Capacity: 8M
 Heap Initial Capacity: 122M
 Heap Max Capacity: 2G
 Pre-touch: Disabled
 Parallel Workers: 4
 Concurrent Workers: 1
 Concurrent Refinement Workers: 4
 Periodic GC: Disabled
Heap:
 garbage-first heap   total 124928K, used 45354K [0x0000000080000000, 0x0000000100000000)
  region size 1024K, 38 young (38912K), 9 survivors (9216K)
 Metaspace       used 20749K, committed 20992K, reserved 1114112K
  class space    used 2421K, committed 2560K, reserved 1048576K
GC Heap History (6 events):
Event: 1.708 GC heap before
{Heap before GC invocations=0 (full 0):
 garbage-first heap   total 124928K, used 12288K [0x0000000080000000, 0x0000000100000000)
  region size 1024K, 13 young (13312K), 0 survivors (0K)
 Metaspace       used 6991K, committed 7104K, reserved 1114112K
  class space    used 617K, committed 704K, reserved 1048576K
}
Event: 1.737 GC heap after
{Heap after GC invocations=1 (full 0):
 garbage-first heap   total 124928K, used 1224K [0x0000000080000000, 0x0000000100000000)
  region size 1024K, 2 young (2048K), 2 survivors (2048K)
 Metaspace       used 6991K, committed 7104K, reserved 1114112K
  class space    used 617K, committed 704K, reserved 1048576K
}
Event: 4.190 GC heap before
{Heap before GC invocations=1 (full 0):
 garbage-first heap   total 124928K, used 22728K [0x0000000080000000, 0x0000000100000000)
  region size 1024K, 21 young (21504K), 2 survivors (2048K)
 Metaspace       used 9241K, committed 9408K, reserved 1114112K
  class space    used 875K, committed 960K, reserved 1048576K
}
Event: 4.199 GC heap after
{Heap after GC invocations=2 (full 0):
 garbage-first heap   total 124928K, used 10101K [0x0000000080000000, 0x0000000100000000)
  region size 1024K, 3 young (3072K), 3 survivors (3072K)
 Metaspace       used 9241K, committed 9408K, reserved 1114112K
  class space    used 875K, committed 960K, reserved 1048576K
}
Event: 15.100 GC heap before
{Heap before GC invocations=2 (full 0):
 garbage-first heap   total 124928K, used 83829K [0x0000000080000000, 0x0000000100000000)
  region size 1024K, 73 young (74752K), 3 survivors (3072K)
 Metaspace       used 12366K, committed 12544K, reserved 1114112K
  class space    used 1336K, committed 1472K, reserved 1048576K
}
Event: 15.116 GC heap after
{Heap after GC invocations=3 (full 0):
 garbage-first heap   total 124928K, used 16682K [0x0000000080000000, 0x0000000100000000)
  region size 1024K, 9 young (9216K), 9 survivors (9216K)
 Metaspace       used 12366K, committed 12544K, reserved 1114112K
  class space    used 1336K, committed 1472K, reserved 1048576K
}

