# JRE version: OpenJDK Runtime Environment (17.0.11) (build 17.0.11+0--11852314)
# Java VM: OpenJDK 64-Bit Server VM (17.0.11+0--11852314, mixed mode, tiered, compressed oops, compressed class ptrs, g1 gc, windows-amd64)
GC Precious Log:
 CPUs: 4 total, 4 available
 Memory: 7794M
 Large Page Support: Disabled
 NUMA Support: Disabled
 Compressed Oops: Enabled (32-bit)
 Heap Region Size: 1M
 Heap Min Capacity: 8M
 Heap Initial Capacity: 122M
 Heap Max Capacity: 2G
 Pre-touch: Disabled
 Parallel Workers: 4
 Concurrent Workers: 1
 Concurrent Refinement Workers: 4
 Periodic GC: Disabled
Heap:
 garbage-first heap   total 249856K, used 198275K [0x0000000080000000, 0x0000000100000000)
  region size 1024K, 54 young (55296K), 4 survivors (4096K)
 Metaspace       used 91484K, committed 92288K, reserved 1179648K
  class space    used 12244K, committed 12608K, reserved 1048576K
GC Heap History (20 events):
Event: 101.374 GC heap before
{Heap before GC invocations=48 (full 0):
 garbage-first heap   total 186368K, used 150592K [0x0000000080000000, 0x0000000100000000)
  region size 1024K, 45 young (46080K), 5 survivors (5120K)
 Metaspace       used 69965K, committed 70656K, reserved 1114112K
  class space    used 9488K, committed 9792K, reserved 1048576K
}
Event: 101.380 GC heap after
{Heap after GC invocations=49 (full 0):
 garbage-first heap   total 186368K, used 111429K [0x0000000080000000, 0x0000000100000000)
  region size 1024K, 5 young (5120K), 5 survivors (5120K)
 Metaspace       used 69965K, committed 70656K, reserved 1114112K
  class space    used 9488K, committed 9792K, reserved 1048576K
}
Event: 104.002 GC heap before
{Heap before GC invocations=49 (full 0):
 garbage-first heap   total 186368K, used 151365K [0x0000000080000000, 0x0000000100000000)
  region size 1024K, 45 young (46080K), 5 survivors (5120K)
 Metaspace       used 69970K, committed 70656K, reserved 1114112K
  class space    used 9488K, committed 9792K, reserved 1048576K
}
Event: 104.009 GC heap after
{Heap after GC invocations=50 (full 0):
 garbage-first heap   total 186368K, used 113022K [0x0000000080000000, 0x0000000100000000)
  region size 1024K, 5 young (5120K), 5 survivors (5120K)
 Metaspace       used 69970K, committed 70656K, reserved 1114112K
  class space    used 9488K, committed 9792K, reserved 1048576K
}
Event: 107.577 GC heap before
{Heap before GC invocations=51 (full 0):
 garbage-first heap   total 191488K, used 166270K [0x0000000080000000, 0x0000000100000000)
  region size 1024K, 44 young (45056K), 5 survivors (5120K)
 Metaspace       used 71430K, committed 72064K, reserved 1114112K
  class space    used 9670K, committed 9984K, reserved 1048576K
}
Event: 107.585 GC heap after
{Heap after GC invocations=52 (full 0):
 garbage-first heap   total 191488K, used 134559K [0x0000000080000000, 0x0000000100000000)
  region size 1024K, 6 young (6144K), 6 survivors (6144K)
 Metaspace       used 71430K, committed 72064K, reserved 1114112K
  class space    used 9670K, committed 9984K, reserved 1048576K
}
Event: 107.664 GC heap before
{Heap before GC invocations=52 (full 0):
 garbage-first heap   total 191488K, used 138655K [0x0000000080000000, 0x0000000100000000)
  region size 1024K, 9 young (9216K), 6 survivors (6144K)
 Metaspace       used 71639K, committed 72256K, reserved 1114112K
  class space    used 9693K, committed 9984K, reserved 1048576K
}
Event: 107.668 GC heap after
{Heap after GC invocations=53 (full 0):
 garbage-first heap   total 191488K, used 134450K [0x0000000080000000, 0x0000000100000000)
  region size 1024K, 1 young (1024K), 1 survivors (1024K)
 Metaspace       used 71639K, committed 72256K, reserved 1114112K
  class space    used 9693K, committed 9984K, reserved 1048576K
}
Event: 108.197 GC heap before
{Heap before GC invocations=53 (full 0):
 garbage-first heap   total 191488K, used 155954K [0x0000000080000000, 0x0000000100000000)
  region size 1024K, 23 young (23552K), 1 survivors (1024K)
 Metaspace       used 73405K, committed 74112K, reserved 1114112K
  class space    used 9933K, committed 10240K, reserved 1048576K
}
Event: 108.200 GC heap after
{Heap after GC invocations=54 (full 0):
 garbage-first heap   total 191488K, used 135007K [0x0000000080000000, 0x0000000100000000)
  region size 1024K, 2 young (2048K), 2 survivors (2048K)
 Metaspace       used 73405K, committed 74112K, reserved 1114112K
  class space    used 9933K, committed 10240K, reserved 1048576K
}
Event: 108.923 GC heap before
{Heap before GC invocations=55 (full 0):
 garbage-first heap   total 237568K, used 157535K [0x0000000080000000, 0x0000000100000000)
  region size 1024K, 25 young (25600K), 2 survivors (2048K)
 Metaspace       used 75606K, committed 76288K, reserved 1179648K
  class space    used 10165K, committed 10496K, reserved 1048576K
}
Event: 108.927 GC heap after
{Heap after GC invocations=56 (full 0):
 garbage-first heap   total 237568K, used 135378K [0x0000000080000000, 0x0000000100000000)
  region size 1024K, 2 young (2048K), 2 survivors (2048K)
 Metaspace       used 75606K, committed 76288K, reserved 1179648K
  class space    used 10165K, committed 10496K, reserved 1048576K
}
Event: 109.168 GC heap before
{Heap before GC invocations=56 (full 0):
 garbage-first heap   total 237568K, used 144594K [0x0000000080000000, 0x0000000100000000)
  region size 1024K, 11 young (11264K), 2 survivors (2048K)
 Metaspace       used 76699K, committed 77440K, reserved 1179648K
  class space    used 10290K, committed 10624K, reserved 1048576K
}
Event: 109.174 GC heap after
{Heap after GC invocations=57 (full 0):
 garbage-first heap   total 237568K, used 134162K [0x0000000080000000, 0x0000000100000000)
  region size 1024K, 1 young (1024K), 1 survivors (1024K)
 Metaspace       used 76699K, committed 77440K, reserved 1179648K
  class space    used 10290K, committed 10624K, reserved 1048576K
}
Event: 113.776 GC heap before
{Heap before GC invocations=57 (full 0):
 garbage-first heap   total 237568K, used 200722K [0x0000000080000000, 0x0000000100000000)
  region size 1024K, 61 young (62464K), 1 survivors (1024K)
 Metaspace       used 82176K, committed 82944K, reserved 1179648K
  class space    used 10991K, committed 11328K, reserved 1048576K
}
Event: 113.785 GC heap after
{Heap after GC invocations=58 (full 0):
 garbage-first heap   total 237568K, used 140288K [0x0000000080000000, 0x0000000100000000)
  region size 1024K, 6 young (6144K), 6 survivors (6144K)
 Metaspace       used 82176K, committed 82944K, reserved 1179648K
  class space    used 10991K, committed 11328K, reserved 1048576K
}
Event: 116.997 GC heap before
{Heap before GC invocations=58 (full 0):
 garbage-first heap   total 237568K, used 196608K [0x0000000080000000, 0x0000000100000000)
  region size 1024K, 61 young (62464K), 6 survivors (6144K)
 Metaspace       used 86171K, committed 86912K, reserved 1179648K
  class space    used 11499K, committed 11840K, reserved 1048576K
}
Event: 117.006 GC heap after
{Heap after GC invocations=59 (full 0):
 garbage-first heap   total 237568K, used 143276K [0x0000000080000000, 0x0000000100000000)
  region size 1024K, 3 young (3072K), 3 survivors (3072K)
 Metaspace       used 86171K, committed 86912K, reserved 1179648K
  class space    used 11499K, committed 11840K, reserved 1048576K
}
Event: 118.284 GC heap before
{Heap before GC invocations=59 (full 0):
 garbage-first heap   total 237568K, used 159660K [0x0000000080000000, 0x0000000100000000)
  region size 1024K, 20 young (20480K), 3 survivors (3072K)
 Metaspace       used 88078K, committed 88832K, reserved 1179648K
  class space    used 11781K, committed 12160K, reserved 1048576K
}
Event: 118.295 GC heap after
{Heap after GC invocations=60 (full 0):
 garbage-first heap   total 237568K, used 144003K [0x0000000080000000, 0x0000000100000000)
  region size 1024K, 4 young (4096K), 4 survivors (4096K)
 Metaspace       used 88078K, committed 88832K, reserved 1179648K
  class space    used 11781K, committed 12160K, reserved 1048576K
}

