# JRE version: OpenJDK Runtime Environment (17.0.11) (build 17.0.11+0--11852314)
# Java VM: OpenJDK 64-Bit Server VM (17.0.11+0--11852314, mixed mode, tiered, compressed oops, compressed class ptrs, g1 gc, windows-amd64)
GC Precious Log:
 CPUs: 4 total, 4 available
 Memory: 7794M
 Large Page Support: Disabled
 NUMA Support: Disabled
 Compressed Oops: Enabled (32-bit)
 Heap Region Size: 1M
 Heap Min Capacity: 8M
 Heap Initial Capacity: 122M
 Heap Max Capacity: 2G
 Pre-touch: Disabled
 Parallel Workers: 4
 Concurrent Workers: 1
 Concurrent Refinement Workers: 4
 Periodic GC: Disabled
Heap:
 garbage-first heap   total 491520K, used 245671K [0x0000000080000000, 0x0000000100000000)
  region size 1024K, 12 young (12288K), 12 survivors (12288K)
 Metaspace       used 188937K, committed 190080K, reserved 1245184K
  class space    used 24326K, committed 24832K, reserved 1048576K
GC Heap History (20 events):
Event: 159.056 GC heap after
{Heap after GC invocations=55 (full 0):
 garbage-first heap   total 491520K, used 180100K [0x0000000080000000, 0x0000000100000000)
  region size 1024K, 20 young (20480K), 20 survivors (20480K)
 Metaspace       used 117320K, committed 118144K, reserved 1179648K
  class space    used 15661K, committed 16000K, reserved 1048576K
}
Event: 160.940 GC heap before
{Heap before GC invocations=55 (full 0):
 garbage-first heap   total 491520K, used 183172K [0x0000000080000000, 0x0000000100000000)
  region size 1024K, 24 young (24576K), 20 survivors (20480K)
 Metaspace       used 118023K, committed 118848K, reserved 1179648K
  class space    used 15712K, committed 16064K, reserved 1048576K
}
Event: 161.049 GC heap after
{Heap after GC invocations=56 (full 0):
 garbage-first heap   total 491520K, used 180821K [0x0000000080000000, 0x0000000100000000)
  region size 1024K, 2 young (2048K), 2 survivors (2048K)
 Metaspace       used 118023K, committed 118848K, reserved 1179648K
  class space    used 15712K, committed 16064K, reserved 1048576K
}
Event: 168.982 GC heap before
{Heap before GC invocations=56 (full 0):
 garbage-first heap   total 491520K, used 371285K [0x0000000080000000, 0x0000000100000000)
  region size 1024K, 182 young (186368K), 2 survivors (2048K)
 Metaspace       used 138761K, committed 139648K, reserved 1179648K
  class space    used 17880K, committed 18304K, reserved 1048576K
}
Event: 169.061 GC heap after
{Heap after GC invocations=57 (full 0):
 garbage-first heap   total 491520K, used 196108K [0x0000000080000000, 0x0000000100000000)
  region size 1024K, 11 young (11264K), 11 survivors (11264K)
 Metaspace       used 138761K, committed 139648K, reserved 1179648K
  class space    used 17880K, committed 18304K, reserved 1048576K
}
Event: 171.000 GC heap before
{Heap before GC invocations=57 (full 0):
 garbage-first heap   total 491520K, used 224780K [0x0000000080000000, 0x0000000100000000)
  region size 1024K, 40 young (40960K), 11 survivors (11264K)
 Metaspace       used 142274K, committed 143232K, reserved 1179648K
  class space    used 18382K, committed 18816K, reserved 1048576K
}
Event: 171.028 GC heap after
{Heap after GC invocations=58 (full 0):
 garbage-first heap   total 491520K, used 198588K [0x0000000080000000, 0x0000000100000000)
  region size 1024K, 14 young (14336K), 14 survivors (14336K)
 Metaspace       used 142274K, committed 143232K, reserved 1179648K
  class space    used 18382K, committed 18816K, reserved 1048576K
}
Event: 184.436 GC heap before
{Heap before GC invocations=59 (full 0):
 garbage-first heap   total 491520K, used 405436K [0x0000000080000000, 0x0000000100000000)
  region size 1024K, 207 young (211968K), 14 survivors (14336K)
 Metaspace       used 152088K, committed 153024K, reserved 1245184K
  class space    used 19723K, committed 20160K, reserved 1048576K
}
Event: 184.499 GC heap after
{Heap after GC invocations=60 (full 0):
 garbage-first heap   total 491520K, used 217325K [0x0000000080000000, 0x0000000100000000)
  region size 1024K, 26 young (26624K), 26 survivors (26624K)
 Metaspace       used 152088K, committed 153024K, reserved 1245184K
  class space    used 19723K, committed 20160K, reserved 1048576K
}
Event: 184.550 GC heap before
{Heap before GC invocations=60 (full 0):
 garbage-first heap   total 491520K, used 218349K [0x0000000080000000, 0x0000000100000000)
  region size 1024K, 27 young (27648K), 26 survivors (26624K)
 Metaspace       used 152089K, committed 153024K, reserved 1245184K
  class space    used 19723K, committed 20160K, reserved 1048576K
}
Event: 184.682 GC heap after
{Heap after GC invocations=61 (full 0):
 garbage-first heap   total 491520K, used 217634K [0x0000000080000000, 0x0000000100000000)
  region size 1024K, 2 young (2048K), 2 survivors (2048K)
 Metaspace       used 152089K, committed 153024K, reserved 1245184K
  class space    used 19723K, committed 20160K, reserved 1048576K
}
Event: 192.246 GC heap before
{Heap before GC invocations=61 (full 0):
 garbage-first heap   total 491520K, used 400930K [0x0000000080000000, 0x0000000100000000)
  region size 1024K, 180 young (184320K), 2 survivors (2048K)
 Metaspace       used 158509K, committed 159488K, reserved 1245184K
  class space    used 20245K, committed 20672K, reserved 1048576K
}
Event: 192.273 GC heap after
{Heap after GC invocations=62 (full 0):
 garbage-first heap   total 491520K, used 232482K [0x0000000080000000, 0x0000000100000000)
  region size 1024K, 16 young (16384K), 16 survivors (16384K)
 Metaspace       used 158509K, committed 159488K, reserved 1245184K
  class space    used 20245K, committed 20672K, reserved 1048576K
}
Event: 192.586 GC heap before
{Heap before GC invocations=62 (full 0):
 garbage-first heap   total 491520K, used 240674K [0x0000000080000000, 0x0000000100000000)
  region size 1024K, 25 young (25600K), 16 survivors (16384K)
 Metaspace       used 159181K, committed 160192K, reserved 1245184K
  class space    used 20335K, committed 20800K, reserved 1048576K
}
Event: 192.627 GC heap after
{Heap after GC invocations=63 (full 0):
 garbage-first heap   total 491520K, used 234710K [0x0000000080000000, 0x0000000100000000)
  region size 1024K, 2 young (2048K), 2 survivors (2048K)
 Metaspace       used 159181K, committed 160192K, reserved 1245184K
  class space    used 20335K, committed 20800K, reserved 1048576K
}
Event: 199.828 GC heap before
{Heap before GC invocations=64 (full 0):
 garbage-first heap   total 491520K, used 413910K [0x0000000080000000, 0x0000000100000000)
  region size 1024K, 170 young (174080K), 2 survivors (2048K)
 Metaspace       used 171960K, committed 173056K, reserved 1245184K
  class space    used 22104K, committed 22656K, reserved 1048576K
}
Event: 199.844 GC heap after
{Heap after GC invocations=65 (full 0):
 garbage-first heap   total 491520K, used 237969K [0x0000000080000000, 0x0000000100000000)
  region size 1024K, 11 young (11264K), 11 survivors (11264K)
 Metaspace       used 171960K, committed 173056K, reserved 1245184K
  class space    used 22104K, committed 22656K, reserved 1048576K
}
Event: 200.869 GC heap before
{Heap before GC invocations=65 (full 0):
 garbage-first heap   total 491520K, used 251281K [0x0000000080000000, 0x0000000100000000)
  region size 1024K, 24 young (24576K), 11 survivors (11264K)
 Metaspace       used 173726K, committed 174784K, reserved 1245184K
  class space    used 22414K, committed 22912K, reserved 1048576K
}
Event: 201.112 GC heap after
{Heap after GC invocations=66 (full 0):
 garbage-first heap   total 491520K, used 235107K [0x0000000080000000, 0x0000000100000000)
  region size 1024K, 2 young (2048K), 2 survivors (2048K)
 Metaspace       used 173726K, committed 174784K, reserved 1245184K
  class space    used 22414K, committed 22912K, reserved 1048576K
}
Event: 215.279 GC heap before
{Heap before GC invocations=66 (full 0):
 garbage-first heap   total 491520K, used 409187K [0x0000000080000000, 0x0000000100000000)
  region size 1024K, 171 young (175104K), 2 survivors (2048K)
 Metaspace       used 188937K, committed 190080K, reserved 1245184K
  class space    used 24326K, committed 24832K, reserved 1048576K
}

